{"/Users/Nicholai/Documents/Coding/Rithm/Week-6/express-biztime/app.js": {"path":"/Users/Nicholai/Documents/Coding/Rithm/Week-6/express-biztime/app.js","statementMap":{"0":{"start":{"line":4,"column":16},"end":{"line":4,"column":34}},"1":{"start":{"line":6,"column":21},"end":{"line":6,"column":46}},"2":{"start":{"line":7,"column":24},"end":{"line":7,"column":53}},"3":{"start":{"line":8,"column":23},"end":{"line":8,"column":51}},"4":{"start":{"line":9,"column":12},"end":{"line":9,"column":21}},"5":{"start":{"line":11,"column":0},"end":{"line":11,"column":24}},"6":{"start":{"line":13,"column":0},"end":{"line":13,"column":39}},"7":{"start":{"line":14,"column":0},"end":{"line":14,"column":37}},"8":{"start":{"line":18,"column":0},"end":{"line":21,"column":3}},"9":{"start":{"line":19,"column":14},"end":{"line":19,"column":48}},"10":{"start":{"line":20,"column":2},"end":{"line":20,"column":19}},"11":{"start":{"line":25,"column":0},"end":{"line":31,"column":3}},"12":{"start":{"line":26,"column":2},"end":{"line":26,"column":32}},"13":{"start":{"line":28,"column":2},"end":{"line":30,"column":5}},"14":{"start":{"line":34,"column":0},"end":{"line":34,"column":21}}},"fnMap":{"0":{"name":"(anonymous_0)","decl":{"start":{"line":18,"column":8},"end":{"line":18,"column":9}},"loc":{"start":{"line":18,"column":33},"end":{"line":21,"column":1}},"line":18},"1":{"name":"(anonymous_1)","decl":{"start":{"line":25,"column":8},"end":{"line":25,"column":9}},"loc":{"start":{"line":25,"column":33},"end":{"line":31,"column":1}},"line":25}},"branchMap":{"0":{"loc":{"start":{"line":26,"column":13},"end":{"line":26,"column":30}},"type":"binary-expr","locations":[{"start":{"line":26,"column":13},"end":{"line":26,"column":23}},{"start":{"line":26,"column":27},"end":{"line":26,"column":30}}],"line":26}},"s":{"0":1,"1":1,"2":1,"3":1,"4":1,"5":1,"6":1,"7":1,"8":1,"9":0,"10":0,"11":1,"12":0,"13":0,"14":1},"f":{"0":0,"1":0},"b":{"0":[0,0]},"_coverageSchema":"1a1c01bbd47fc00a2c39e90264f33305004495a9","hash":"7e59ea6e372420bf69b366be4af1345a70b46507"}
,"/Users/Nicholai/Documents/Coding/Rithm/Week-6/express-biztime/db.js": {"path":"/Users/Nicholai/Documents/Coding/Rithm/Week-6/express-biztime/db.js","statementMap":{"0":{"start":{"line":3,"column":19},"end":{"line":3,"column":32}},"1":{"start":{"line":7,"column":0},"end":{"line":11,"column":1}},"2":{"start":{"line":8,"column":2},"end":{"line":8,"column":40}},"3":{"start":{"line":10,"column":2},"end":{"line":10,"column":35}},"4":{"start":{"line":13,"column":9},"end":{"line":15,"column":2}},"5":{"start":{"line":17,"column":0},"end":{"line":17,"column":13}},"6":{"start":{"line":19,"column":0},"end":{"line":19,"column":20}}},"fnMap":{},"branchMap":{"0":{"loc":{"start":{"line":7,"column":0},"end":{"line":11,"column":1}},"type":"if","locations":[{"start":{"line":7,"column":0},"end":{"line":11,"column":1}},{"start":{"line":7,"column":0},"end":{"line":11,"column":1}}],"line":7}},"s":{"0":1,"1":1,"2":1,"3":0,"4":1,"5":1,"6":1},"f":{},"b":{"0":[1,0]},"_coverageSchema":"1a1c01bbd47fc00a2c39e90264f33305004495a9","hash":"f8f5be47ab283ec4a6025d7cd8d620c07b43dacb"}
,"/Users/Nicholai/Documents/Coding/Rithm/Week-6/express-biztime/expressError.js": {"path":"/Users/Nicholai/Documents/Coding/Rithm/Week-6/express-biztime/expressError.js","statementMap":{"0":{"start":{"line":9,"column":4},"end":{"line":9,"column":12}},"1":{"start":{"line":10,"column":4},"end":{"line":10,"column":27}},"2":{"start":{"line":11,"column":4},"end":{"line":11,"column":25}},"3":{"start":{"line":12,"column":4},"end":{"line":12,"column":30}},"4":{"start":{"line":17,"column":0},"end":{"line":17,"column":30}}},"fnMap":{"0":{"name":"(anonymous_0)","decl":{"start":{"line":8,"column":2},"end":{"line":8,"column":3}},"loc":{"start":{"line":8,"column":31},"end":{"line":13,"column":3}},"line":8}},"branchMap":{},"s":{"0":0,"1":0,"2":0,"3":0,"4":1},"f":{"0":0},"b":{},"_coverageSchema":"1a1c01bbd47fc00a2c39e90264f33305004495a9","hash":"0e8ed67969ab7960def1c1f1067f835f966a12e3"}
,"/Users/Nicholai/Documents/Coding/Rithm/Week-6/express-biztime/routes/companies.js": {"path":"/Users/Nicholai/Documents/Coding/Rithm/Week-6/express-biztime/routes/companies.js","statementMap":{"0":{"start":{"line":1,"column":16},"end":{"line":1,"column":34}},"1":{"start":{"line":2,"column":11},"end":{"line":2,"column":27}},"2":{"start":{"line":3,"column":21},"end":{"line":3,"column":47}},"3":{"start":{"line":4,"column":15},"end":{"line":4,"column":35}},"4":{"start":{"line":7,"column":0},"end":{"line":16,"column":3}},"5":{"start":{"line":9,"column":19},"end":{"line":10,"column":41}},"6":{"start":{"line":12,"column":4},"end":{"line":14,"column":7}},"7":{"start":{"line":19,"column":0},"end":{"line":51,"column":3}},"8":{"start":{"line":20,"column":15},"end":{"line":20,"column":30}},"9":{"start":{"line":22,"column":2},"end":{"line":50,"column":3}},"10":{"start":{"line":23,"column":21},"end":{"line":27,"column":5}},"11":{"start":{"line":29,"column":25},"end":{"line":33,"column":5}},"12":{"start":{"line":35,"column":4},"end":{"line":37,"column":5}},"13":{"start":{"line":36,"column":6},"end":{"line":36,"column":71}},"14":{"start":{"line":39,"column":20},"end":{"line":39,"column":36}},"15":{"start":{"line":40,"column":21},"end":{"line":40,"column":38}},"16":{"start":{"line":41,"column":19},"end":{"line":41,"column":43}},"17":{"start":{"line":43,"column":4},"end":{"line":45,"column":7}},"18":{"start":{"line":49,"column":4},"end":{"line":49,"column":21}},"19":{"start":{"line":54,"column":0},"end":{"line":87,"column":3}},"20":{"start":{"line":56,"column":38},"end":{"line":56,"column":46}},"21":{"start":{"line":58,"column":2},"end":{"line":86,"column":3}},"22":{"start":{"line":60,"column":20},"end":{"line":60,"column":51}},"23":{"start":{"line":61,"column":4},"end":{"line":65,"column":5}},"24":{"start":{"line":62,"column":6},"end":{"line":64,"column":7}},"25":{"start":{"line":63,"column":8},"end":{"line":63,"column":69}},"26":{"start":{"line":67,"column":4},"end":{"line":69,"column":5}},"27":{"start":{"line":68,"column":6},"end":{"line":68,"column":73}},"28":{"start":{"line":71,"column":19},"end":{"line":77,"column":5}},"29":{"start":{"line":80,"column":4},"end":{"line":82,"column":7}},"30":{"start":{"line":85,"column":4},"end":{"line":85,"column":21}},"31":{"start":{"line":89,"column":0},"end":{"line":126,"column":3}},"32":{"start":{"line":90,"column":15},"end":{"line":90,"column":30}},"33":{"start":{"line":92,"column":32},"end":{"line":92,"column":40}},"34":{"start":{"line":94,"column":2},"end":{"line":125,"column":3}},"35":{"start":{"line":96,"column":20},"end":{"line":96,"column":43}},"36":{"start":{"line":97,"column":4},"end":{"line":101,"column":5}},"37":{"start":{"line":98,"column":6},"end":{"line":100,"column":7}},"38":{"start":{"line":99,"column":8},"end":{"line":99,"column":69}},"39":{"start":{"line":103,"column":4},"end":{"line":105,"column":5}},"40":{"start":{"line":104,"column":6},"end":{"line":104,"column":74}},"41":{"start":{"line":107,"column":19},"end":{"line":112,"column":5}},"42":{"start":{"line":114,"column":4},"end":{"line":116,"column":5}},"43":{"start":{"line":115,"column":6},"end":{"line":115,"column":74}},"44":{"start":{"line":118,"column":4},"end":{"line":120,"column":7}},"45":{"start":{"line":124,"column":4},"end":{"line":124,"column":21}},"46":{"start":{"line":128,"column":0},"end":{"line":151,"column":3}},"47":{"start":{"line":129,"column":15},"end":{"line":129,"column":30}},"48":{"start":{"line":131,"column":2},"end":{"line":150,"column":3}},"49":{"start":{"line":133,"column":19},"end":{"line":137,"column":5}},"50":{"start":{"line":139,"column":4},"end":{"line":141,"column":5}},"51":{"start":{"line":140,"column":6},"end":{"line":140,"column":71}},"52":{"start":{"line":143,"column":4},"end":{"line":145,"column":7}},"53":{"start":{"line":149,"column":4},"end":{"line":149,"column":21}},"54":{"start":{"line":154,"column":0},"end":{"line":154,"column":24}}},"fnMap":{"0":{"name":"(anonymous_0)","decl":{"start":{"line":7,"column":16},"end":{"line":7,"column":17}},"loc":{"start":{"line":7,"column":42},"end":{"line":16,"column":1}},"line":7},"1":{"name":"(anonymous_1)","decl":{"start":{"line":19,"column":21},"end":{"line":19,"column":22}},"loc":{"start":{"line":19,"column":53},"end":{"line":51,"column":1}},"line":19},"2":{"name":"(anonymous_2)","decl":{"start":{"line":54,"column":17},"end":{"line":54,"column":18}},"loc":{"start":{"line":54,"column":49},"end":{"line":87,"column":1}},"line":54},"3":{"name":"(anonymous_3)","decl":{"start":{"line":89,"column":21},"end":{"line":89,"column":22}},"loc":{"start":{"line":89,"column":53},"end":{"line":126,"column":1}},"line":89},"4":{"name":"(anonymous_4)","decl":{"start":{"line":128,"column":24},"end":{"line":128,"column":25}},"loc":{"start":{"line":128,"column":56},"end":{"line":151,"column":1}},"line":128}},"branchMap":{"0":{"loc":{"start":{"line":35,"column":4},"end":{"line":37,"column":5}},"type":"if","locations":[{"start":{"line":35,"column":4},"end":{"line":37,"column":5}},{"start":{"line":35,"column":4},"end":{"line":37,"column":5}}],"line":35},"1":{"loc":{"start":{"line":62,"column":6},"end":{"line":64,"column":7}},"type":"if","locations":[{"start":{"line":62,"column":6},"end":{"line":64,"column":7}},{"start":{"line":62,"column":6},"end":{"line":64,"column":7}}],"line":62},"2":{"loc":{"start":{"line":67,"column":4},"end":{"line":69,"column":5}},"type":"if","locations":[{"start":{"line":67,"column":4},"end":{"line":69,"column":5}},{"start":{"line":67,"column":4},"end":{"line":69,"column":5}}],"line":67},"3":{"loc":{"start":{"line":67,"column":8},"end":{"line":67,"column":22}},"type":"binary-expr","locations":[{"start":{"line":67,"column":8},"end":{"line":67,"column":13}},{"start":{"line":67,"column":17},"end":{"line":67,"column":22}}],"line":67},"4":{"loc":{"start":{"line":98,"column":6},"end":{"line":100,"column":7}},"type":"if","locations":[{"start":{"line":98,"column":6},"end":{"line":100,"column":7}},{"start":{"line":98,"column":6},"end":{"line":100,"column":7}}],"line":98},"5":{"loc":{"start":{"line":103,"column":4},"end":{"line":105,"column":5}},"type":"if","locations":[{"start":{"line":103,"column":4},"end":{"line":105,"column":5}},{"start":{"line":103,"column":4},"end":{"line":105,"column":5}}],"line":103},"6":{"loc":{"start":{"line":114,"column":4},"end":{"line":116,"column":5}},"type":"if","locations":[{"start":{"line":114,"column":4},"end":{"line":116,"column":5}},{"start":{"line":114,"column":4},"end":{"line":116,"column":5}}],"line":114},"7":{"loc":{"start":{"line":139,"column":4},"end":{"line":141,"column":5}},"type":"if","locations":[{"start":{"line":139,"column":4},"end":{"line":141,"column":5}},{"start":{"line":139,"column":4},"end":{"line":141,"column":5}}],"line":139}},"s":{"0":1,"1":1,"2":1,"3":1,"4":1,"5":1,"6":1,"7":1,"8":0,"9":0,"10":0,"11":0,"12":0,"13":0,"14":0,"15":0,"16":0,"17":0,"18":0,"19":1,"20":0,"21":0,"22":0,"23":0,"24":0,"25":0,"26":0,"27":0,"28":0,"29":0,"30":0,"31":1,"32":0,"33":0,"34":0,"35":0,"36":0,"37":0,"38":0,"39":0,"40":0,"41":0,"42":0,"43":0,"44":0,"45":0,"46":1,"47":0,"48":0,"49":0,"50":0,"51":0,"52":0,"53":0,"54":1},"f":{"0":1,"1":0,"2":0,"3":0,"4":0},"b":{"0":[0,0],"1":[0,0],"2":[0,0],"3":[0,0],"4":[0,0],"5":[0,0],"6":[0,0],"7":[0,0]},"_coverageSchema":"1a1c01bbd47fc00a2c39e90264f33305004495a9","hash":"3d2dfdfb1ec1d8a0f4794543436a100e8e32ae1b"}
,"/Users/Nicholai/Documents/Coding/Rithm/Week-6/express-biztime/routes/invoices.js": {"path":"/Users/Nicholai/Documents/Coding/Rithm/Week-6/express-biztime/routes/invoices.js","statementMap":{"0":{"start":{"line":1,"column":16},"end":{"line":1,"column":34}},"1":{"start":{"line":2,"column":11},"end":{"line":2,"column":27}},"2":{"start":{"line":3,"column":21},"end":{"line":3,"column":47}},"3":{"start":{"line":4,"column":15},"end":{"line":4,"column":35}},"4":{"start":{"line":7,"column":0},"end":{"line":10,"column":3}},"5":{"start":{"line":8,"column":19},"end":{"line":8,"column":71}},"6":{"start":{"line":9,"column":4},"end":{"line":9,"column":47}},"7":{"start":{"line":13,"column":0},"end":{"line":45,"column":3}},"8":{"start":{"line":15,"column":13},"end":{"line":15,"column":26}},"9":{"start":{"line":17,"column":2},"end":{"line":44,"column":3}},"10":{"start":{"line":18,"column":25},"end":{"line":22,"column":5}},"11":{"start":{"line":24,"column":4},"end":{"line":26,"column":5}},"12":{"start":{"line":25,"column":6},"end":{"line":25,"column":66}},"13":{"start":{"line":28,"column":55},"end":{"line":28,"column":75}},"14":{"start":{"line":30,"column":21},"end":{"line":34,"column":5}},"15":{"start":{"line":36,"column":20},"end":{"line":36,"column":36}},"16":{"start":{"line":37,"column":19},"end":{"line":37,"column":64}},"17":{"start":{"line":39,"column":4},"end":{"line":39,"column":41}},"18":{"start":{"line":43,"column":4},"end":{"line":43,"column":21}},"19":{"start":{"line":48,"column":0},"end":{"line":83,"column":3}},"20":{"start":{"line":50,"column":28},"end":{"line":50,"column":36}},"21":{"start":{"line":52,"column":2},"end":{"line":52,"column":36}},"22":{"start":{"line":53,"column":2},"end":{"line":53,"column":37}},"23":{"start":{"line":55,"column":2},"end":{"line":82,"column":3}},"24":{"start":{"line":57,"column":20},"end":{"line":57,"column":39}},"25":{"start":{"line":58,"column":4},"end":{"line":62,"column":5}},"26":{"start":{"line":59,"column":6},"end":{"line":61,"column":7}},"27":{"start":{"line":60,"column":8},"end":{"line":60,"column":69}},"28":{"start":{"line":64,"column":4},"end":{"line":66,"column":5}},"29":{"start":{"line":65,"column":6},"end":{"line":65,"column":88}},"30":{"start":{"line":68,"column":19},"end":{"line":74,"column":5}},"31":{"start":{"line":77,"column":4},"end":{"line":77,"column":49}},"32":{"start":{"line":81,"column":4},"end":{"line":81,"column":21}},"33":{"start":{"line":85,"column":0},"end":{"line":112,"column":3}},"34":{"start":{"line":86,"column":13},"end":{"line":86,"column":26}},"35":{"start":{"line":87,"column":18},"end":{"line":87,"column":26}},"36":{"start":{"line":89,"column":2},"end":{"line":111,"column":3}},"37":{"start":{"line":91,"column":4},"end":{"line":93,"column":5}},"38":{"start":{"line":92,"column":6},"end":{"line":92,"column":84}},"39":{"start":{"line":95,"column":19},"end":{"line":100,"column":5}},"40":{"start":{"line":102,"column":4},"end":{"line":104,"column":5}},"41":{"start":{"line":103,"column":6},"end":{"line":103,"column":66}},"42":{"start":{"line":106,"column":4},"end":{"line":106,"column":49}},"43":{"start":{"line":110,"column":4},"end":{"line":110,"column":21}},"44":{"start":{"line":114,"column":0},"end":{"line":135,"column":3}},"45":{"start":{"line":115,"column":13},"end":{"line":115,"column":26}},"46":{"start":{"line":117,"column":2},"end":{"line":134,"column":3}},"47":{"start":{"line":119,"column":19},"end":{"line":123,"column":5}},"48":{"start":{"line":125,"column":4},"end":{"line":127,"column":5}},"49":{"start":{"line":126,"column":6},"end":{"line":126,"column":66}},"50":{"start":{"line":129,"column":4},"end":{"line":129,"column":43}},"51":{"start":{"line":133,"column":4},"end":{"line":133,"column":21}},"52":{"start":{"line":138,"column":0},"end":{"line":138,"column":24}}},"fnMap":{"0":{"name":"(anonymous_0)","decl":{"start":{"line":7,"column":16},"end":{"line":7,"column":17}},"loc":{"start":{"line":7,"column":42},"end":{"line":10,"column":1}},"line":7},"1":{"name":"(anonymous_1)","decl":{"start":{"line":13,"column":19},"end":{"line":13,"column":20}},"loc":{"start":{"line":13,"column":51},"end":{"line":45,"column":1}},"line":13},"2":{"name":"(anonymous_2)","decl":{"start":{"line":48,"column":17},"end":{"line":48,"column":18}},"loc":{"start":{"line":48,"column":49},"end":{"line":83,"column":1}},"line":48},"3":{"name":"(anonymous_3)","decl":{"start":{"line":85,"column":19},"end":{"line":85,"column":20}},"loc":{"start":{"line":85,"column":51},"end":{"line":112,"column":1}},"line":85},"4":{"name":"(anonymous_4)","decl":{"start":{"line":114,"column":22},"end":{"line":114,"column":23}},"loc":{"start":{"line":114,"column":54},"end":{"line":135,"column":1}},"line":114}},"branchMap":{"0":{"loc":{"start":{"line":24,"column":4},"end":{"line":26,"column":5}},"type":"if","locations":[{"start":{"line":24,"column":4},"end":{"line":26,"column":5}},{"start":{"line":24,"column":4},"end":{"line":26,"column":5}}],"line":24},"1":{"loc":{"start":{"line":59,"column":6},"end":{"line":61,"column":7}},"type":"if","locations":[{"start":{"line":59,"column":6},"end":{"line":61,"column":7}},{"start":{"line":59,"column":6},"end":{"line":61,"column":7}}],"line":59},"2":{"loc":{"start":{"line":64,"column":4},"end":{"line":66,"column":5}},"type":"if","locations":[{"start":{"line":64,"column":4},"end":{"line":66,"column":5}},{"start":{"line":64,"column":4},"end":{"line":66,"column":5}}],"line":64},"3":{"loc":{"start":{"line":64,"column":8},"end":{"line":64,"column":37}},"type":"binary-expr","locations":[{"start":{"line":64,"column":8},"end":{"line":64,"column":17}},{"start":{"line":64,"column":21},"end":{"line":64,"column":25}},{"start":{"line":64,"column":29},"end":{"line":64,"column":37}}],"line":64},"4":{"loc":{"start":{"line":91,"column":4},"end":{"line":93,"column":5}},"type":"if","locations":[{"start":{"line":91,"column":4},"end":{"line":93,"column":5}},{"start":{"line":91,"column":4},"end":{"line":93,"column":5}}],"line":91},"5":{"loc":{"start":{"line":91,"column":8},"end":{"line":91,"column":23}},"type":"binary-expr","locations":[{"start":{"line":91,"column":8},"end":{"line":91,"column":12}},{"start":{"line":91,"column":16},"end":{"line":91,"column":23}}],"line":91},"6":{"loc":{"start":{"line":102,"column":4},"end":{"line":104,"column":5}},"type":"if","locations":[{"start":{"line":102,"column":4},"end":{"line":104,"column":5}},{"start":{"line":102,"column":4},"end":{"line":104,"column":5}}],"line":102},"7":{"loc":{"start":{"line":125,"column":4},"end":{"line":127,"column":5}},"type":"if","locations":[{"start":{"line":125,"column":4},"end":{"line":127,"column":5}},{"start":{"line":125,"column":4},"end":{"line":127,"column":5}}],"line":125}},"s":{"0":1,"1":1,"2":1,"3":1,"4":1,"5":0,"6":0,"7":1,"8":0,"9":0,"10":0,"11":0,"12":0,"13":0,"14":0,"15":0,"16":0,"17":0,"18":0,"19":1,"20":0,"21":0,"22":0,"23":0,"24":0,"25":0,"26":0,"27":0,"28":0,"29":0,"30":0,"31":0,"32":0,"33":1,"34":0,"35":0,"36":0,"37":0,"38":0,"39":0,"40":0,"41":0,"42":0,"43":0,"44":1,"45":0,"46":0,"47":0,"48":0,"49":0,"50":0,"51":0,"52":1},"f":{"0":0,"1":0,"2":0,"3":0,"4":0},"b":{"0":[0,0],"1":[0,0],"2":[0,0],"3":[0,0,0],"4":[0,0],"5":[0,0],"6":[0,0],"7":[0,0]},"_coverageSchema":"1a1c01bbd47fc00a2c39e90264f33305004495a9","hash":"0c3b14c0b80eeccc9848e85507f67c52f8bb12b3"}
}
